\BOOKMARK [0][-]{section*.2}{\376\377\000L\000e\000a\000r\000n\000i\000n\000g\000\040\000R\000e\000n\000o\000r\000m\000a\000l\000i\000z\000a\000t\000i\000o\000n\000-\000G\000r\000o\000u\000p\000-\000L\000i\000k\000e\000\040\000L\000a\000t\000e\000n\000t\000\040\000V\000a\000r\000i\000a\000b\000l\000e\000s\000\040\000w\000i\000t\000h\000\040\000a\000\040\000H\000i\000e\000r\000a\000r\000c\000h\000i\000c\000a\000l\000\040\000G\000r\000a\000p\000h\000\040\000N\000e\000u\000r\000a\000l\000\040\000N\000e\000t\000w\000o\000r\000k\000\040\000V\000a\000r\000i\000a\000t\000i\000o\000n\000a\000l\000\040\000A\000u\000t\000o\000e\000n\000c\000o\000d\000e\000r\000\040\000f\000o\000r\000\040\000t\000h\000e\000\040\0002\000D\000\040\000I\000s\000i\000n\000g\000\040\000M\000o\000d\000e\000l}{}% 2
\BOOKMARK [1][-]{section*.1}{\376\377\000A\000b\000s\000t\000r\000a\000c\000t}{section*.2}% 1
\BOOKMARK [1][-]{section*.3}{\376\377\000I\000N\000T\000R\000O\000D\000U\000C\000T\000I\000O\000N}{section*.2}% 3
\BOOKMARK [1][-]{section*.4}{\376\377\000R\000G\000\040\000B\000A\000C\000K\000G\000R\000O\000U\000N\000D\000\040\000A\000N\000D\000\040\000N\000E\000U\000R\000A\000L\000\040\000N\000E\000T\000W\000O\000R\000K\000\040\000A\000N\000A\000L\000O\000G\000Y}{section*.2}% 4
\BOOKMARK [2][-]{section*.5}{\376\377\000W\000i\000l\000s\000o\000n\000i\000a\000n\000\040\000R\000G\000\040\000i\000n\000\040\000a\000\040\000N\000u\000t\000s\000h\000e\000l\000l}{section*.4}% 5
\BOOKMARK [2][-]{section*.6}{\376\377\000N\000e\000u\000r\000a\000l\000\040\000N\000e\000t\000w\000o\000r\000k\000\040\000A\000n\000a\000l\000o\000g\000y}{section*.4}% 6
\BOOKMARK [1][-]{section*.7}{\376\377\000M\000E\000T\000H\000O\000D}{section*.2}% 7
\BOOKMARK [2][-]{section*.8}{\376\377\000M\000o\000d\000e\000l\000\040\000A\000r\000c\000h\000i\000t\000e\000c\000t\000u\000r\000e}{section*.7}% 8
\BOOKMARK [2][-]{section*.9}{\376\377\000L\000o\000s\000s\000\040\000F\000u\000n\000c\000t\000i\000o\000n}{section*.7}% 9
\BOOKMARK [2][-]{section*.10}{\376\377\000D\000a\000t\000a\000s\000e\000t\000\040\000a\000n\000d\000\040\000G\000r\000a\000p\000h\000\040\000C\000o\000n\000s\000t\000r\000u\000c\000t\000i\000o\000n}{section*.7}% 10
\BOOKMARK [2][-]{section*.11}{\376\377\000T\000r\000a\000i\000n\000i\000n\000g\000\040\000P\000r\000o\000t\000o\000c\000o\000l\000\040\000a\000n\000d\000\040\000H\000y\000p\000e\000r\000p\000a\000r\000a\000m\000e\000t\000e\000r\000s}{section*.7}% 11
\BOOKMARK [1][-]{section*.13}{\376\377\000R\000E\000S\000U\000L\000T\000S}{section*.2}% 12
\BOOKMARK [2][-]{section*.14}{\376\377\000T\000h\000e\000\040\000l\000a\000t\000e\000n\000t\000\040\000s\000p\000a\000c\000e\000\040\000c\000a\000p\000t\000u\000r\000e\000s\000\040\000p\000h\000y\000s\000i\000c\000a\000l\000\040\000i\000n\000f\000o\000r\000m\000a\000t\000i\000o\000n}{section*.13}% 13
\BOOKMARK [2][-]{section*.17}{\376\377\000S\000c\000a\000l\000e\000\040\000i\000n\000v\000a\000r\000i\000a\000n\000c\000e\000\040\000o\000f\000\040\000t\000h\000e\000\040\000l\000a\000t\000e\000n\000t\000\040\000r\000e\000p\000r\000e\000s\000e\000n\000t\000a\000t\000i\000o\000n}{section*.13}% 14
\BOOKMARK [2][-]{section*.19}{\376\377\000T\000w\000o\000\040\000f\000i\000x\000e\000d\000\040\000p\000o\000i\000n\000t\000s\000\040\000i\000n\000\040\000l\000a\000t\000e\000n\000t\000\040\000s\000p\000a\000c\000e}{section*.13}% 15
\BOOKMARK [2][-]{section*.21}{\376\377\000R\000G\000\040\000f\000l\000o\000w\000\040\000t\000r\000a\000j\000e\000c\000t\000o\000r\000i\000e\000s}{section*.13}% 16
\BOOKMARK [2][-]{section*.23}{\376\377\000R\000G\000\040\000f\000l\000o\000w\000\040\000d\000i\000a\000g\000r\000a\000m\000\040\000i\000n\000\040\000\050\000K\000,\000P\000C\0001\000\051\000\040\000s\000p\000a\000c\000e}{section*.13}% 17
\BOOKMARK [2][-]{section*.25}{\376\377\000L\000i\000n\000e\000a\000r\000\040\000R\000G\000\040\000m\000a\000p\000\040\000a\000n\000d\000\040\000e\000i\000g\000e\000n\000v\000a\000l\000u\000e\000\040\000s\000p\000e\000c\000t\000r\000u\000m}{section*.13}% 18
\BOOKMARK [2][-]{section*.27}{\376\377\000M\000o\000d\000e\000l\000\040\000d\000i\000a\000g\000n\000o\000s\000t\000i\000c\000s\000:\000\040\000r\000e\000c\000o\000n\000s\000t\000r\000u\000c\000t\000i\000o\000n\000\040\000a\000n\000d\000\040\000p\000o\000s\000t\000e\000r\000i\000o\000r\000\040\000u\000t\000i\000l\000i\000z\000a\000t\000i\000o\000n}{section*.13}% 19
\BOOKMARK [1][-]{section*.28}{\376\377\000R\000E\000L\000A\000T\000I\000O\000N\000\040\000T\000O\000\040\000P\000R\000E\000V\000I\000O\000U\000S\000\040\000W\000O\000R\000K}{section*.2}% 20
\BOOKMARK [1][-]{section*.29}{\376\377\000D\000I\000S\000C\000U\000S\000S\000I\000O\000N\000:\000\040\000B\000E\000Y\000O\000N\000D\000\040\000C\000L\000A\000S\000S\000I\000F\000I\000C\000A\000T\000I\000O\000N}{section*.2}% 21
\BOOKMARK [1][-]{section*.30}{\376\377\000C\000O\000N\000C\000L\000U\000S\000I\000O\000N}{section*.2}% 22
\BOOKMARK [1][-]{section*.31}{\376\377\000L\000I\000M\000I\000T\000A\000T\000I\000O\000N\000S\000\040\000A\000N\000D\000\040\000F\000U\000T\000U\000R\000E\000\040\000W\000O\000R\000K}{section*.2}% 23
\BOOKMARK [1][-]{section*.32}{\376\377\000R\000e\000f\000e\000r\000e\000n\000c\000e\000s}{section*.2}% 24
